<?xml version="1.0" encoding="UTF-8"?>
<!-- Generated by org.testng.reporters.JUnitXMLReporter -->
<testsuite hostname="JOSYJOHNSON" name="Default test" tests="34" failures="0" timestamp="25 Aug 2023 08:39:09 GMT" time="500.346" errors="0">
  <testcase name="TCSPR090101" time="21.725" classname="Course.Test.CreateNewCourseTest"/>
  <testcase name="OtpFetch" time="8.141" classname="Course.Test.CreateNewCourseTest"/>
  <testcase name="TCSPR060102" time="0.079" classname="Course.Test.CreateNewCourseTest"/>
  <testcase name="TCSPR060103" time="0.303" classname="Course.Test.CreateNewCourseTest"/>
  <testcase name="TCSPR060103_Nocoursepopup" time="18.713" classname="Course.Test.CreateNewCourseTest"/>
  <testcase name="TCSPR060104" time="5.542" classname="Course.Test.CreateNewCourseTest"/>
  <testcase name="TCSPR060105" time="19.95" classname="Course.Test.CreateNewCourseTest"/>
  <testcase name="TCSPR060106" time="39.901" classname="Course.Test.CreateNewCourseTest"/>
  <testcase name="TCSPR060107" time="11.868" classname="Course.Test.CreateNewCourseTest"/>
  <testcase name="TCSPR060108" time="7.44" classname="Course.Test.CreateNewCourseTest"/>
  <testcase name="TCSPR060110" time="12.685" classname="Course.Test.CreateNewCourseTest"/>
  <testcase name="TCSPR060111" time="0.085" classname="Course.Test.CreateNewCourseTest"/>
  <testcase name="TCSPR060112" time="4.353" classname="Course.Test.CreateNewCourseTest"/>
  <testcase name="TCSPR060113" time="3.36" classname="Course.Test.CreateNewCourseTest"/>
  <testcase name="TCSPR060115" time="44.505" classname="Course.Test.CreateNewCourseTest"/>
  <testcase name="TCSPR060114" time="29.441" classname="Course.Test.CreateNewCourseTest"/>
  <testcase name="TCSPR060114_DiscardpopupAssessmenttab" time="50.69" classname="Course.Test.CreateNewCourseTest"/>
  <testcase name="TCSPR060116" time="13.19" classname="Course.Test.CreateNewCourseTest"/>
  <testcase name="TCSPR060117" time="8.409" classname="Course.Test.CreateNewCourseTest"/>
  <testcase name="TCSPR060118" time="3.301" classname="Course.Test.CreateNewCourseTest"/>
  <testcase name="TCSPR060119" time="20.279" classname="Course.Test.CreateNewCourseTest"/>
  <testcase name="TCSPR060120" time="66.5" classname="Course.Test.CreateNewCourseTest"/>
  <testcase name="TCSPR060121" time="24.955" classname="Course.Test.CreateNewCourseTest"/>
  <testcase name="TCSPR060122" time="5.352" classname="Course.Test.CreateNewCourseTest"/>
  <testcase name="TCSPR060123" time="6.215" classname="Course.Test.CreateNewCourseTest"/>
  <testcase name="TCSPR060124" time="6.217" classname="Course.Test.CreateNewCourseTest"/>
  <testcase name="TCSPR060125" time="6.276" classname="Course.Test.CreateNewCourseTest"/>
  <testcase name="TCSPR060126" time="2.256" classname="Course.Test.CreateNewCourseTest"/>
  <testcase name="TCSPR060127" time="3.478" classname="Course.Test.CreateNewCourseTest"/>
  <testcase name="TCSPR060128" time="16.759" classname="Course.Test.CreateNewCourseTest"/>
  <testcase name="TCSPR060129" time="6.62" classname="Course.Test.CreateNewCourseTest"/>
  <testcase name="TCSPR060130" time="3.316" classname="Course.Test.CreateNewCourseTest"/>
  <testcase name="TCSPR060131" time="9.604" classname="Course.Test.CreateNewCourseTest"/>
  <testcase name="TCSPR060132" time="10.19" classname="Course.Test.CreateNewCourseTest"/>
</testsuite> <!-- Default test -->
